#-----------------------------------------------------------
# Vivado v2021.1 (64-bit)
# SW Build 3247384 on Thu Jun 10 19:36:33 MDT 2021
# IP Build 3246043 on Fri Jun 11 00:30:35 MDT 2021
# Start of session at: Sun Apr 21 12:19:19 2024
# Process ID: 14296
# Current directory: C:/Users/sb734/Documents/project_new
# Command line: vivado.exe -gui_launcher_event rodinguilauncherevent13640 C:\Users\sb734\Documents\project_new\processor.xpr
# Log file: C:/Users/sb734/Documents/project_new/vivado.log
# Journal file: C:/Users/sb734/Documents/project_new\vivado.jou
#-----------------------------------------------------------
start_gui
open_project C:/Users/sb734/Documents/project_new/processor.xpr
INFO: [Project 1-313] Project file moved from 'C:/Users/sek49/Documents/project_new' since last save.
WARNING: [filemgmt 56-2] Default IP Output Path : Could not find the directory 'C:/Users/sb734/Documents/project_new/processor.gen/sources_1', nor could it be found using path 'C:/Users/sek49/Documents/project_new/processor.gen/sources_1'.
CRITICAL WARNING: [Project 1-311] Could not find the file 'C:/Users/sb734/Documents/project_new/processor.srcs/sources_1/new/PWMSerializers.v', nor could it be found using path 'C:/Users/sek49/Documents/project_new/processor.srcs/sources_1/new/PWMSerializers.v'.
CRITICAL WARNING: [Project 1-311] Could not find the file 'C:/Users/sb734/Documents/project_new/processor.srcs/sources_1/new/iclk_gen.v', nor could it be found using path 'C:/Users/sek49/Documents/project_new/processor.srcs/sources_1/new/iclk_gen.v'.
CRITICAL WARNING: [Project 1-311] Could not find the file 'C:/Users/sb734/Documents/project_new/processor.srcs/sources_1/new/pwn.v', nor could it be found using path 'C:/Users/sek49/Documents/project_new/processor.srcs/sources_1/new/pwn.v'.
CRITICAL WARNING: [Project 1-311] Could not find the file 'C:/Users/sb734/Documents/project_new/processor.srcs/sources_1/new/seg7_control.v', nor could it be found using path 'C:/Users/sek49/Documents/project_new/processor.srcs/sources_1/new/seg7_control.v'.
CRITICAL WARNING: [Project 1-311] Could not find the file 'C:/Users/sb734/Documents/project_new/processor.srcs/sources_1/new/spi_master.v', nor could it be found using path 'C:/Users/sek49/Documents/project_new/processor.srcs/sources_1/new/spi_master.v'.
CRITICAL WARNING: [Project 1-311] Could not find the file 'C:/Users/sb734/Documents/project_new/processor.srcs/sources_1/new/top.v', nor could it be found using path 'C:/Users/sek49/Documents/project_new/processor.srcs/sources_1/new/top.v'.
CRITICAL WARNING: [Project 1-311] Could not find the file 'C:/Users/sb734/Documents/project_new/processor.srcs/sources_1/new/uart_rx.v', nor could it be found using path 'C:/Users/sek49/Documents/project_new/processor.srcs/sources_1/new/uart_rx.v'.
CRITICAL WARNING: [Project 1-311] Could not find the file 'C:/Users/sb734/Documents/project_new/processor.srcs/sources_1/new/uart_rx2.v', nor could it be found using path 'C:/Users/sek49/Documents/project_new/processor.srcs/sources_1/new/uart_rx2.v'.
CRITICAL WARNING: [Project 1-311] Could not find the file 'C:/Users/sb734/Documents/project_new/processor.srcs/sources_1/new/uart_tx.v', nor could it be found using path 'C:/Users/sek49/Documents/project_new/processor.srcs/sources_1/new/uart_tx.v'.
CRITICAL WARNING: [Project 1-311] Could not find the file 'C:/Users/sb734/Downloads/async/async.v', nor could it be found using path 'C:/Users/sek49/Downloads/async/async.v'.
CRITICAL WARNING: [Project 1-311] Could not find the file 'C:/Users/sb734/Documents/project_new/processor.srcs/sources_1/new/serialGPIO.v', nor could it be found using path 'C:/Users/sek49/Documents/project_new/processor.srcs/sources_1/new/serialGPIO.v'.
Scanning sources...
Finished scanning sources
INFO: [IP_Flow 19-234] Refreshing IP repositories
INFO: [IP_Flow 19-1704] No user IP repositories specified
INFO: [IP_Flow 19-2313] Loaded Vivado IP repository 'C:/Xilinx/Vivado/2021.1/data/ip'.
open_project: Time (s): cpu = 00:00:19 ; elapsed = 00:00:07 . Memory (MB): peak = 1329.434 ; gain = 0.000
update_compile_order -fileset sources_1
reset_run synth_1
WARNING: [Vivado 12-1017] Problems encountered:
1. Failed to delete one or more files in run directory C:/Users/sb734/Documents/project_new/processor.runs/synth_1

launch_runs synth_1 -jobs 6
[Sun Apr 21 13:16:48 2024] Launched synth_1...
Run output will be captured here: C:/Users/sb734/Documents/project_new/processor.runs/synth_1/runme.log
reset_run synth_1
WARNING: [Vivado 12-1017] Problems encountered:
1. Failed to delete one or more files in run directory C:/Users/sb734/Documents/project_new/processor.runs/synth_1

launch_runs synth_1 -jobs 6
[Sun Apr 21 13:18:16 2024] Launched synth_1...
Run output will be captured here: C:/Users/sb734/Documents/project_new/processor.runs/synth_1/runme.log
add_files -norecurse C:/Users/sb734/Documents/project_new/processor.srcs/sources_1/imports/240551425/pwn.v
update_compile_order -fileset sources_1
add_files -norecurse {C:/Users/sb734/Documents/project_new/processor.srcs/sources_1/imports/240551425/top.v C:/Users/sb734/Documents/project_new/processor.srcs/sources_1/imports/240551425/PWMSerializers.v}
update_compile_order -fileset sources_1
add_files -norecurse {C:/Users/sb734/Documents/project_new/processor.srcs/sources_1/imports/240551425/seg7_control.v C:/Users/sb734/Documents/project_new/processor.srcs/sources_1/imports/240551425/iclk_gen.v}
update_compile_order -fileset sources_1
add_files -norecurse C:/Users/sb734/Documents/project_new/processor.srcs/sources_1/imports/240551425/spi_master.v
update_compile_order -fileset sources_1
reset_run synth_1
WARNING: [Vivado 12-1017] Problems encountered:
1. Failed to delete one or more files in run directory C:/Users/sb734/Documents/project_new/processor.runs/synth_1

launch_runs synth_1 -jobs 6
[Sun Apr 21 13:27:34 2024] Launched synth_1...
Run output will be captured here: C:/Users/sb734/Documents/project_new/processor.runs/synth_1/runme.log
